TN:
SF:src/domain/@shared/entity/entity.abstract.ts
FN:11,get id
FN:7,Entity
FNF:2
FNH:2
FNDA:17,get id
FNDA:7,Entity
DA:1,1
DA:2,1
DA:3,1
DA:4,1
DA:5,1
DA:6,1
DA:7,1
DA:8,7
DA:9,7
DA:10,1
DA:11,1
DA:12,17
DA:13,17
DA:14,1
LF:14
LH:14
BRDA:11,0,0,17
BRDA:7,1,0,7
BRF:2
BRH:2
end_of_record
TN:
SF:src/domain/@shared/notification/notification.error.ts
FN:4,NotificationError
FNF:1
FNH:0
FNDA:0,NotificationError
DA:1,1
DA:2,1
DA:3,1
DA:4,1
DA:5,0
DA:6,0
DA:7,0
DA:8,0
DA:9,1
LF:9
LH:5
BRF:0
BRH:0
end_of_record
TN:
SF:src/domain/@shared/notification/notification.ts
FN:9,addError
FN:12,hasErrors
FN:16,getErrors
FN:19,messages
FNF:4
FNH:1
FNDA:0,addError
FNDA:7,hasErrors
FNDA:0,getErrors
FNDA:0,messages
DA:1,1
DA:2,1
DA:3,1
DA:4,1
DA:5,1
DA:6,1
DA:7,1
DA:8,1
DA:9,1
DA:10,0
DA:11,0
DA:12,1
DA:13,7
DA:14,7
DA:15,1
DA:16,1
DA:17,0
DA:18,0
DA:19,1
DA:20,0
DA:21,0
DA:22,0
DA:23,0
DA:24,0
DA:25,0
DA:26,0
DA:27,0
DA:28,1
LF:28
LH:16
BRDA:12,0,0,7
BRF:1
BRH:1
end_of_record
TN:
SF:src/domain/customer/entity/customer.ts
FN:22,get name
FN:26,get rewardPoints
FN:30,validate
FN:35,changeName
FN:40,get Address
FN:44,changeAddress
FN:48,isActive
FN:52,activate
FN:59,deactivate
FN:63,addRewardPoints
FN:67,set Address
FN:12,Customer
FNF:12
FNH:9
FNDA:17,get name
FNDA:3,get rewardPoints
FNDA:7,validate
FNDA:0,changeName
FNDA:40,get Address
FNDA:7,changeAddress
FNDA:3,isActive
FNDA:0,activate
FNDA:4,deactivate
FNDA:4,addRewardPoints
FNDA:0,set Address
FNDA:7,Customer
DA:1,1
DA:2,1
DA:3,1
DA:4,1
DA:5,1
DA:6,1
DA:7,1
DA:8,1
DA:9,1
DA:10,1
DA:11,1
DA:12,1
DA:13,7
DA:14,7
DA:15,7
DA:16,7
DA:17,7
DA:18,0
DA:19,0
DA:20,7
DA:21,1
DA:22,1
DA:23,17
DA:24,17
DA:25,1
DA:26,1
DA:27,3
DA:28,3
DA:29,1
DA:30,1
DA:31,7
DA:32,7
DA:33,7
DA:34,1
DA:35,1
DA:36,0
DA:37,0
DA:38,0
DA:39,1
DA:40,1
DA:41,40
DA:42,40
DA:43,1
DA:44,1
DA:45,7
DA:46,7
DA:47,1
DA:48,1
DA:49,3
DA:50,3
DA:51,1
DA:52,1
DA:53,0
DA:54,0
DA:55,0
DA:56,0
DA:57,0
DA:58,1
DA:59,1
DA:60,4
DA:61,4
DA:62,1
DA:63,1
DA:64,4
DA:65,4
DA:66,1
DA:67,1
DA:68,0
DA:69,0
DA:70,1
LF:70
LH:58
BRDA:22,0,0,17
BRDA:26,1,0,3
BRDA:30,2,0,7
BRDA:40,3,0,40
BRDA:44,4,0,7
BRDA:48,5,0,3
BRDA:59,6,0,4
BRDA:63,7,0,4
BRDA:12,8,0,7
BRDA:17,9,0,0
BRF:10
BRH:9
end_of_record
TN:
SF:src/domain/customer/factory/customer.factory.ts
FN:7,create
FN:11,createWithAddress
FNF:2
FNH:1
FNDA:0,create
FNDA:3,createWithAddress
DA:1,1
DA:2,1
DA:3,1
DA:4,1
DA:5,1
DA:6,1
DA:7,1
DA:8,0
DA:9,0
DA:10,1
DA:11,1
DA:12,3
DA:13,3
DA:14,3
DA:15,3
DA:16,1
LF:16
LH:14
BRDA:11,0,0,3
BRF:1
BRH:1
end_of_record
TN:
SF:src/domain/customer/factory/customer.validator.factory.ts
FN:6,create
FNF:1
FNH:1
FNDA:7,create
DA:1,1
DA:2,1
DA:3,1
DA:4,1
DA:5,1
DA:6,1
DA:7,7
DA:8,7
DA:9,1
DA:10,1
LF:10
LH:10
BRDA:6,0,0,7
BRF:1
BRH:1
end_of_record
TN:
SF:src/domain/customer/validator/customer.yup.validator.ts
FN:7,validate
FNF:1
FNH:1
FNDA:7,validate
DA:1,1
DA:2,1
DA:3,1
DA:4,1
DA:5,1
DA:6,1
DA:7,1
DA:8,7
DA:9,7
DA:10,7
DA:11,7
DA:12,7
DA:13,7
DA:14,7
DA:15,7
DA:16,7
DA:17,7
DA:18,7
DA:19,7
DA:20,7
DA:21,7
DA:22,7
DA:23,7
DA:24,7
DA:25,0
DA:26,0
DA:27,0
DA:28,0
DA:29,0
DA:30,0
DA:31,0
DA:32,0
DA:33,7
DA:34,1
LF:34
LH:26
BRDA:7,0,0,7
BRDA:24,1,0,0
BRF:2
BRH:1
end_of_record
TN:
SF:src/domain/customer/value-object/address.ts
FN:16,get street
FN:19,get number
FN:23,get zip
FN:26,get city
FN:31,validate
FN:46,toString
FN:7,Address
FNF:7
FNH:6
FNDA:10,get street
FNDA:10,get number
FNDA:10,get zip
FNDA:10,get city
FNDA:7,validate
FNDA:0,toString
FNDA:7,Address
DA:1,1
DA:2,1
DA:3,1
DA:4,1
DA:5,1
DA:6,1
DA:7,1
DA:8,7
DA:9,7
DA:10,7
DA:11,7
DA:12,7
DA:13,7
DA:14,7
DA:15,1
DA:16,1
DA:17,10
DA:18,10
DA:19,1
DA:20,10
DA:21,10
DA:22,1
DA:23,1
DA:24,10
DA:25,10
DA:26,1
DA:27,10
DA:28,10
DA:29,1
DA:30,1
DA:31,1
DA:32,7
DA:33,0
DA:34,0
DA:35,7
DA:36,0
DA:37,0
DA:38,7
DA:39,0
DA:40,0
DA:41,7
DA:42,0
DA:43,0
DA:44,7
DA:45,1
DA:46,1
DA:47,0
DA:48,0
DA:49,1
LF:49
LH:39
BRDA:16,0,0,10
BRDA:19,1,0,10
BRDA:23,2,0,10
BRDA:26,3,0,10
BRDA:31,4,0,7
BRDA:32,5,0,0
BRDA:35,6,0,0
BRDA:38,7,0,0
BRDA:41,8,0,0
BRDA:7,9,0,7
BRF:10
BRH:6
end_of_record
TN:
SF:src/infrastructure/api/express.ts
FN:13,setupDb
FNF:1
FNH:1
FNDA:1,setupDb
DA:1,1
DA:2,1
DA:3,1
DA:4,1
DA:5,1
DA:6,1
DA:7,1
DA:8,1
DA:9,1
DA:10,1
DA:11,1
DA:12,1
DA:13,1
DA:14,1
DA:15,1
DA:16,1
DA:17,1
DA:18,1
DA:19,1
DA:20,1
DA:21,1
DA:22,1
DA:23,1
LF:23
LH:23
BRDA:13,0,0,1
BRF:1
BRH:1
end_of_record
TN:
SF:src/infrastructure/api/presenters/customer.presenter.ts
FN:5,listXML
FNF:1
FNH:1
FNDA:1,listXML
DA:1,1
DA:2,1
DA:3,1
DA:4,1
DA:5,1
DA:6,1
DA:7,1
DA:8,1
DA:9,1
DA:10,1
DA:11,1
DA:12,1
DA:13,1
DA:14,1
DA:15,1
DA:16,2
DA:17,2
DA:18,2
DA:19,2
DA:20,2
DA:21,2
DA:22,2
DA:23,2
DA:24,2
DA:25,1
DA:26,1
DA:27,1
LF:27
LH:27
BRDA:5,0,0,1
BRDA:15,1,0,2
BRF:2
BRH:2
end_of_record
TN:
SF:src/infrastructure/api/routes/customer.route.ts
FN:32,json
FN:33,xml
FNF:2
FNH:2
FNDA:1,json
FNDA:1,xml
DA:1,1
DA:2,1
DA:3,1
DA:4,1
DA:5,1
DA:6,1
DA:7,1
DA:8,1
DA:9,1
DA:10,4
DA:11,4
DA:12,4
DA:13,4
DA:14,4
DA:15,4
DA:16,4
DA:17,4
DA:18,4
DA:19,4
DA:20,4
DA:21,4
DA:22,3
DA:23,4
DA:24,1
DA:25,1
DA:26,4
DA:27,1
DA:28,2
DA:29,2
DA:30,2
DA:31,2
DA:32,2
DA:33,2
DA:34,2
DA:35,2
DA:36,2
DA:37,2
DA:38,1
LF:38
LH:38
BRDA:9,0,0,4
BRDA:21,1,0,3
BRDA:23,2,0,1
BRDA:27,3,0,2
BRDA:32,4,0,1
BRDA:33,5,0,1
BRF:6
BRH:6
end_of_record
TN:
SF:src/infrastructure/customer/repoository/sequelize/customer.model.ts
FNF:0
FNH:0
DA:1,1
DA:2,1
DA:3,1
DA:4,1
DA:5,1
DA:6,1
DA:7,1
DA:8,1
DA:9,1
DA:10,1
DA:11,1
DA:12,1
DA:13,1
DA:14,1
DA:15,1
DA:16,1
DA:17,1
DA:18,1
DA:19,1
DA:20,1
DA:21,1
DA:22,1
DA:23,1
DA:24,1
DA:25,1
DA:26,1
DA:27,1
DA:28,1
DA:29,1
DA:30,1
DA:31,1
DA:32,1
LF:32
LH:32
BRF:0
BRH:0
end_of_record
TN:
SF:src/infrastructure/customer/repoository/sequelize/customer.repository.ts
FN:7,create
FN:20,update
FN:39,find
FN:63,findAll
FNF:4
FNH:2
FNDA:3,create
FNDA:0,update
FNDA:0,find
FNDA:2,findAll
DA:1,1
DA:2,1
DA:3,1
DA:4,1
DA:5,1
DA:6,1
DA:7,1
DA:8,3
DA:9,3
DA:10,3
DA:11,3
DA:12,3
DA:13,3
DA:14,3
DA:15,3
DA:16,3
DA:17,3
DA:18,3
DA:19,1
DA:20,1
DA:21,0
DA:22,0
DA:23,0
DA:24,0
DA:25,0
DA:26,0
DA:27,0
DA:28,0
DA:29,0
DA:30,0
DA:31,0
DA:32,0
DA:33,0
DA:34,0
DA:35,0
DA:36,0
DA:37,0
DA:38,1
DA:39,1
DA:40,0
DA:41,0
DA:42,0
DA:43,0
DA:44,0
DA:45,0
DA:46,0
DA:47,0
DA:48,0
DA:49,0
DA:50,0
DA:51,0
DA:52,0
DA:53,0
DA:54,0
DA:55,0
DA:56,0
DA:57,0
DA:58,0
DA:59,0
DA:60,0
DA:61,0
DA:62,1
DA:63,1
DA:64,2
DA:65,2
DA:66,2
DA:67,4
DA:68,4
DA:69,4
DA:70,4
DA:71,4
DA:72,4
DA:73,4
DA:74,4
DA:75,4
DA:76,4
DA:77,0
DA:78,4
DA:79,4
DA:80,4
DA:81,4
DA:82,4
DA:83,2
DA:84,2
DA:85,2
DA:86,1
LF:86
LH:46
BRDA:7,0,0,3
BRDA:63,1,0,2
BRDA:66,2,0,4
BRDA:76,3,0,0
BRF:4
BRH:3
end_of_record
TN:
SF:src/usecase/customer/create/create.customer.usecase.ts
FN:13,execute
FN:9,CreateCustomerUseCase
FNF:2
FNH:2
FNDA:3,execute
FNDA:4,CreateCustomerUseCase
DA:1,1
DA:2,1
DA:3,1
DA:4,1
DA:5,1
DA:6,1
DA:7,1
DA:8,1
DA:9,1
DA:10,4
DA:11,4
DA:12,1
DA:13,1
DA:14,3
DA:15,3
DA:16,3
DA:17,3
DA:18,3
DA:19,3
DA:20,3
DA:21,3
DA:22,3
DA:23,3
DA:24,3
DA:25,3
DA:26,3
DA:27,3
DA:28,3
DA:29,3
DA:30,3
DA:31,3
DA:32,3
DA:33,3
DA:34,3
DA:35,3
DA:36,1
LF:36
LH:36
BRDA:13,0,0,3
BRDA:9,1,0,4
BRF:2
BRH:2
end_of_record
TN:
SF:src/usecase/customer/list/list.customer.usecase.ts
FN:10,execute
FN:7,ListCustomerUseCase
FN:18,toOutput
FNF:3
FNH:3
FNDA:2,execute
FNDA:2,ListCustomerUseCase
FNDA:2,toOutput
DA:1,1
DA:2,1
DA:3,1
DA:4,1
DA:5,1
DA:6,1
DA:7,1
DA:8,2
DA:9,2
DA:10,1
DA:11,2
DA:12,2
DA:13,2
DA:14,2
DA:15,1
DA:16,1
DA:17,1
DA:18,1
DA:19,2
DA:20,2
DA:21,4
DA:22,4
DA:23,4
DA:24,4
DA:25,4
DA:26,4
DA:27,4
DA:28,4
DA:29,4
DA:30,2
DA:31,2
DA:32,1
LF:32
LH:32
BRDA:10,0,0,2
BRDA:7,1,0,2
BRDA:18,2,0,2
BRDA:20,3,0,4
BRF:4
BRH:4
end_of_record
