TN:
SF:src/domain/entity/address.ts
FN:16,get street
FN:19,get number
FN:23,get zip
FN:26,get city
FN:31,validate
FN:46,toString
FN:7,Address
FNF:7
FNH:6
FNDA:4,get street
FNDA:4,get number
FNDA:4,get zip
FNDA:4,get city
FNDA:4,validate
FNDA:0,toString
FNDA:4,Address
DA:1,1
DA:2,1
DA:3,1
DA:4,1
DA:5,1
DA:6,1
DA:7,1
DA:8,4
DA:9,4
DA:10,4
DA:11,4
DA:12,4
DA:13,4
DA:14,4
DA:15,1
DA:16,1
DA:17,4
DA:18,4
DA:19,1
DA:20,4
DA:21,4
DA:22,1
DA:23,1
DA:24,4
DA:25,4
DA:26,1
DA:27,4
DA:28,4
DA:29,1
DA:30,1
DA:31,1
DA:32,4
DA:33,0
DA:34,0
DA:35,4
DA:36,0
DA:37,0
DA:38,4
DA:39,0
DA:40,0
DA:41,4
DA:42,0
DA:43,0
DA:44,4
DA:45,1
DA:46,1
DA:47,0
DA:48,0
DA:49,1
LF:49
LH:39
BRDA:16,0,0,4
BRDA:19,1,0,4
BRDA:23,2,0,4
BRDA:26,3,0,4
BRDA:31,4,0,4
BRDA:32,5,0,0
BRDA:35,6,0,0
BRDA:38,7,0,0
BRDA:41,8,0,0
BRDA:7,9,0,4
BRF:10
BRH:6
end_of_record
TN:
SF:src/domain/entity/customer.ts
FN:17,get id
FN:21,get name
FN:25,get rewardPoints
FN:29,validate
FN:38,changeName
FN:43,get Address
FN:47,changeAddress
FN:51,isActive
FN:55,activate
FN:62,deactivate
FN:66,addRewardPoints
FN:70,set Address
FN:11,Customer
FNF:13
FNH:8
FNDA:4,get id
FNDA:4,get name
FNDA:4,get rewardPoints
FNDA:4,validate
FNDA:0,changeName
FNDA:16,get Address
FNDA:4,changeAddress
FNDA:4,isActive
FNDA:0,activate
FNDA:0,deactivate
FNDA:0,addRewardPoints
FNDA:0,set Address
FNDA:4,Customer
DA:1,1
DA:2,1
DA:3,1
DA:4,1
DA:5,1
DA:6,1
DA:7,1
DA:8,1
DA:9,1
DA:10,1
DA:11,1
DA:12,4
DA:13,4
DA:14,4
DA:15,4
DA:16,1
DA:17,1
DA:18,4
DA:19,4
DA:20,1
DA:21,1
DA:22,4
DA:23,4
DA:24,1
DA:25,1
DA:26,4
DA:27,4
DA:28,1
DA:29,1
DA:30,4
DA:31,0
DA:32,0
DA:33,4
DA:34,0
DA:35,0
DA:36,4
DA:37,1
DA:38,1
DA:39,0
DA:40,0
DA:41,0
DA:42,1
DA:43,1
DA:44,16
DA:45,16
DA:46,1
DA:47,1
DA:48,4
DA:49,4
DA:50,1
DA:51,1
DA:52,4
DA:53,4
DA:54,1
DA:55,1
DA:56,0
DA:57,0
DA:58,0
DA:59,0
DA:60,0
DA:61,1
DA:62,1
DA:63,0
DA:64,0
DA:65,1
DA:66,1
DA:67,0
DA:68,0
DA:69,1
DA:70,1
DA:71,0
DA:72,0
DA:73,1
LF:73
LH:55
BRDA:17,0,0,4
BRDA:21,1,0,4
BRDA:25,2,0,4
BRDA:29,3,0,4
BRDA:30,4,0,0
BRDA:33,5,0,0
BRDA:43,6,0,16
BRDA:47,7,0,4
BRDA:51,8,0,4
BRDA:11,9,0,4
BRF:10
BRH:8
end_of_record
TN:
SF:src/domain/entity/order.ts
FN:16,get id
FN:20,get customerId
FN:24,get items
FN:28,validate
FN:46,total
FN:8,Order
FNF:6
FNH:6
FNDA:8,get id
FNDA:5,get customerId
FNDA:5,get items
FNDA:6,validate
FNDA:13,total
FNDA:6,Order
DA:1,1
DA:2,1
DA:3,1
DA:4,1
DA:5,1
DA:6,1
DA:7,1
DA:8,1
DA:9,6
DA:10,6
DA:11,6
DA:12,6
DA:13,6
DA:14,6
DA:15,1
DA:16,1
DA:17,8
DA:18,8
DA:19,1
DA:20,1
DA:21,5
DA:22,5
DA:23,1
DA:24,1
DA:25,5
DA:26,5
DA:27,1
DA:28,1
DA:29,6
DA:30,0
DA:31,0
DA:32,6
DA:33,0
DA:34,0
DA:35,6
DA:36,0
DA:37,0
DA:38,6
DA:39,6
DA:40,0
DA:41,0
DA:42,6
DA:43,6
DA:44,6
DA:45,1
DA:46,1
DA:47,13
DA:48,13
DA:49,1
LF:49
LH:41
BRDA:16,0,0,8
BRDA:20,1,0,5
BRDA:24,2,0,5
BRDA:28,3,0,6
BRDA:29,4,0,0
BRDA:32,5,0,0
BRDA:35,6,0,0
BRDA:39,7,0,0
BRDA:39,8,0,6
BRDA:46,9,0,13
BRDA:47,10,0,13
BRDA:8,11,0,6
BRF:12
BRH:8
end_of_record
TN:
SF:src/domain/entity/order_item.ts
FN:24,get id
FN:28,get name
FN:32,get productId
FN:36,get quantity
FN:40,get price
FN:44,total
FN:47,changeQuantity
FN:9,OrderItem
FNF:8
FNH:8
FNDA:7,get id
FNDA:7,get name
FNDA:5,get productId
FNDA:13,get quantity
FNDA:7,get price
FNDA:20,total
FNDA:1,changeQuantity
FNDA:6,OrderItem
DA:1,1
DA:2,1
DA:3,1
DA:4,1
DA:5,1
DA:6,1
DA:7,1
DA:8,1
DA:9,1
DA:10,6
DA:11,6
DA:12,6
DA:13,6
DA:14,6
DA:15,6
DA:16,6
DA:17,6
DA:18,6
DA:19,6
DA:20,6
DA:21,6
DA:22,6
DA:23,1
DA:24,1
DA:25,7
DA:26,7
DA:27,1
DA:28,1
DA:29,7
DA:30,7
DA:31,1
DA:32,1
DA:33,5
DA:34,5
DA:35,1
DA:36,1
DA:37,13
DA:38,13
DA:39,1
DA:40,1
DA:41,7
DA:42,7
DA:43,1
DA:44,1
DA:45,20
DA:46,20
DA:47,1
DA:48,1
DA:49,1
DA:50,1
DA:51,1
DA:52,1
LF:52
LH:52
BRDA:24,0,0,7
BRDA:28,1,0,7
BRDA:32,2,0,5
BRDA:36,3,0,13
BRDA:40,4,0,7
BRDA:44,5,0,20
BRDA:47,6,0,1
BRDA:9,7,0,6
BRF:8
BRH:8
end_of_record
TN:
SF:src/domain/entity/product.ts
FN:14,get id
FN:18,get name
FN:23,changeName
FN:27,get price
FN:30,changePrice
FN:38,validate
FN:6,Product
FNF:7
FNH:5
FNDA:8,get id
FNDA:8,get name
FNDA:0,changeName
FNDA:8,get price
FNDA:0,changePrice
FNDA:4,validate
FNDA:4,Product
DA:1,1
DA:2,1
DA:3,1
DA:4,1
DA:5,1
DA:6,1
DA:7,4
DA:8,4
DA:9,4
DA:10,4
DA:11,4
DA:12,4
DA:13,1
DA:14,1
DA:15,8
DA:16,8
DA:17,1
DA:18,1
DA:19,8
DA:20,8
DA:21,1
DA:22,1
DA:23,1
DA:24,0
DA:25,0
DA:26,0
DA:27,1
DA:28,8
DA:29,8
DA:30,1
DA:31,0
DA:32,0
DA:33,0
DA:34,1
DA:35,1
DA:36,1
DA:37,1
DA:38,1
DA:39,4
DA:40,0
DA:41,0
DA:42,4
DA:43,0
DA:44,0
DA:45,4
DA:46,4
DA:47,0
DA:48,0
DA:49,4
DA:50,4
DA:51,1
LF:51
LH:39
BRDA:14,0,0,8
BRDA:18,1,0,8
BRDA:27,2,0,8
BRDA:38,3,0,4
BRDA:39,4,0,0
BRDA:42,5,0,0
BRDA:46,6,0,0
BRDA:6,7,0,4
BRF:8
BRH:5
end_of_record
TN:
SF:src/infrastructure/db/sequelize/model/customer.model.ts
FNF:0
FNH:0
DA:1,1
DA:2,1
DA:3,1
DA:4,1
DA:5,1
DA:6,1
DA:7,1
DA:8,1
DA:9,1
DA:10,1
DA:11,1
DA:12,1
DA:13,1
DA:14,1
DA:15,1
DA:16,1
DA:17,1
DA:18,1
DA:19,1
DA:20,1
DA:21,1
DA:22,1
DA:23,1
DA:24,1
DA:25,1
DA:26,1
DA:27,1
DA:28,1
DA:29,1
DA:30,1
DA:31,1
DA:32,1
LF:32
LH:32
BRF:0
BRH:0
end_of_record
TN:
SF:src/infrastructure/db/sequelize/model/order-item.model.ts
FNF:0
FNH:0
DA:1,1
DA:2,1
DA:3,1
DA:4,1
DA:5,1
DA:6,1
DA:7,1
DA:8,1
DA:9,1
DA:10,1
DA:11,1
DA:12,1
DA:13,1
DA:14,1
DA:15,1
DA:16,1
DA:17,1
DA:18,1
DA:19,1
DA:20,1
DA:21,1
DA:22,1
DA:23,1
DA:24,1
DA:25,1
DA:26,1
DA:27,1
DA:28,1
DA:29,1
DA:30,1
DA:31,1
DA:32,1
DA:33,1
DA:34,1
DA:35,1
DA:36,1
DA:37,1
LF:37
LH:37
BRDA:15,0,0,20
BRDA:19,1,0,8
BRDA:22,2,0,8
BRDA:26,3,0,8
BRF:4
BRH:4
end_of_record
TN:
SF:src/infrastructure/db/sequelize/model/order.model.ts
FNF:0
FNH:0
DA:1,1
DA:2,1
DA:3,1
DA:4,1
DA:5,1
DA:6,1
DA:7,1
DA:8,1
DA:9,1
DA:10,1
DA:11,1
DA:12,1
DA:13,1
DA:14,1
DA:15,1
DA:16,1
DA:17,1
DA:18,1
DA:19,1
DA:20,1
DA:21,1
DA:22,1
DA:23,1
DA:24,1
DA:25,1
DA:26,1
LF:26
LH:26
BRDA:14,0,0,4
BRDA:18,1,0,13
BRDA:21,2,0,13
BRF:3
BRH:3
end_of_record
TN:
SF:src/infrastructure/db/sequelize/model/product.model.ts
FNF:0
FNH:0
DA:1,1
DA:2,1
DA:3,1
DA:4,1
DA:5,1
DA:6,1
DA:7,1
DA:8,1
DA:9,1
DA:10,1
DA:11,1
DA:12,1
DA:13,1
DA:14,1
DA:15,1
DA:16,1
DA:17,1
DA:18,1
LF:18
LH:18
BRF:0
BRH:0
end_of_record
TN:
SF:src/infrastructure/repository/customer.repository.ts
FN:7,create
FN:20,update
FN:39,find
FN:63,findAll
FNF:4
FNH:1
FNDA:4,create
FNDA:0,update
FNDA:0,find
FNDA:0,findAll
DA:1,1
DA:2,1
DA:3,1
DA:4,1
DA:5,1
DA:6,1
DA:7,1
DA:8,4
DA:9,4
DA:10,4
DA:11,4
DA:12,4
DA:13,4
DA:14,4
DA:15,4
DA:16,4
DA:17,4
DA:18,4
DA:19,1
DA:20,1
DA:21,0
DA:22,0
DA:23,0
DA:24,0
DA:25,0
DA:26,0
DA:27,0
DA:28,0
DA:29,0
DA:30,0
DA:31,0
DA:32,0
DA:33,0
DA:34,0
DA:35,0
DA:36,0
DA:37,0
DA:38,1
DA:39,1
DA:40,0
DA:41,0
DA:42,0
DA:43,0
DA:44,0
DA:45,0
DA:46,0
DA:47,0
DA:48,0
DA:49,0
DA:50,0
DA:51,0
DA:52,0
DA:53,0
DA:54,0
DA:55,0
DA:56,0
DA:57,0
DA:58,0
DA:59,0
DA:60,0
DA:61,0
DA:62,1
DA:63,1
DA:64,0
DA:65,0
DA:66,0
DA:67,0
DA:68,0
DA:69,0
DA:70,0
DA:71,0
DA:72,0
DA:73,0
DA:74,0
DA:75,0
DA:76,0
DA:77,0
DA:78,0
DA:79,0
DA:80,0
DA:81,0
DA:82,0
DA:83,0
DA:84,0
DA:85,0
DA:86,1
LF:86
LH:25
BRDA:7,0,0,4
BRF:1
BRH:1
end_of_record
TN:
SF:src/infrastructure/repository/order.repository.ts
FN:8,create
FN:28,update
FN:46,find
FN:68,findAll
FNF:4
FNH:4
FNDA:4,create
FNDA:1,update
FNDA:1,find
FNDA:1,findAll
DA:1,1
DA:2,1
DA:3,1
DA:4,1
DA:5,1
DA:6,1
DA:7,1
DA:8,1
DA:9,4
DA:10,4
DA:11,4
DA:12,4
DA:13,4
DA:14,4
DA:15,4
DA:16,4
DA:17,4
DA:18,4
DA:19,4
DA:20,4
DA:21,4
DA:22,4
DA:23,4
DA:24,4
DA:25,4
DA:26,4
DA:27,1
DA:28,1
DA:29,1
DA:30,1
DA:31,1
DA:32,1
DA:33,1
DA:34,1
DA:35,1
DA:36,1
DA:37,1
DA:38,1
DA:39,1
DA:40,1
DA:41,1
DA:42,1
DA:43,1
DA:44,1
DA:45,1
DA:46,1
DA:47,1
DA:48,1
DA:49,1
DA:50,1
DA:51,1
DA:52,0
DA:53,0
DA:54,1
DA:55,1
DA:56,1
DA:57,1
DA:58,1
DA:59,1
DA:60,1
DA:61,1
DA:62,1
DA:63,1
DA:64,1
DA:65,1
DA:66,1
DA:67,1
DA:68,1
DA:69,1
DA:70,1
DA:71,1
DA:72,1
DA:73,1
DA:74,1
DA:75,1
DA:76,1
DA:77,1
DA:78,1
DA:79,1
DA:80,1
DA:81,1
DA:82,1
DA:83,1
DA:84,1
DA:85,1
DA:86,1
DA:87,1
DA:88,1
DA:89,1
DA:90,1
LF:90
LH:88
BRDA:8,0,0,4
BRDA:14,1,0,4
BRDA:28,2,0,1
BRDA:32,3,0,1
BRDA:46,4,0,1
BRDA:51,5,0,0
BRDA:54,6,0,1
BRDA:62,7,0,1
BRDA:68,8,0,1
BRDA:73,9,0,1
BRDA:74,10,0,1
BRF:11
BRH:10
end_of_record
TN:
SF:src/infrastructure/repository/product.repository.ts
FN:6,create
FN:13,update
FN:24,find
FN:29,findAll
FNF:4
FNH:1
FNDA:4,create
FNDA:0,update
FNDA:0,find
FNDA:0,findAll
DA:1,1
DA:2,1
DA:3,1
DA:4,1
DA:5,1
DA:6,1
DA:7,4
DA:8,4
DA:9,4
DA:10,4
DA:11,4
DA:12,4
DA:13,1
DA:14,0
DA:15,0
DA:16,0
DA:17,0
DA:18,0
DA:19,0
DA:20,0
DA:21,0
DA:22,0
DA:23,0
DA:24,1
DA:25,0
DA:26,0
DA:27,0
DA:28,0
DA:29,1
DA:30,0
DA:31,0
DA:32,0
DA:33,0
DA:34,1
DA:35,1
DA:36,1
DA:37,1
DA:38,1
LF:38
LH:20
BRDA:6,0,0,4
BRF:1
BRH:1
end_of_record
